time="19-02-2020 22:11:50" level=warning msg="Logging to file odf2json.log"
time="19-02-2020 22:12:11" level=info msg="starting main"
time="19-02-2020 22:12:11" level=fatal msg="could not open g:/data/feats.xslx"
time="19-02-2020 22:13:04" level=warning msg="Logging to file odf2json.log"
time="19-02-2020 22:13:39" level=info msg="starting main"
time="19-02-2020 22:13:45" level=fatal msg="could not open g:/data/feats.xslx"
time="19-02-2020 22:14:52" level=warning msg="Logging to file odf2json.log"
time="19-02-2020 22:14:52" level=info msg="starting main"
time="19-02-2020 22:14:52" level=fatal msg="could not open g:\\data\\feats.xslx"
time="19-02-2020 22:15:58" level=warning msg="Logging to file odf2json.log"
time="19-02-2020 22:15:58" level=info msg="starting main"
time="19-02-2020 22:15:58" level=fatal msg="could not open g:\\data\\feats.xslx"
time="19-02-2020 22:16:59" level=warning msg="Logging to file odf2json.log"
time="19-02-2020 22:16:59" level=info msg="starting main"
time="19-02-2020 22:17:32" level=warning msg="Logging to file odf2json.log"
time="19-02-2020 22:17:32" level=info msg="starting main"
time="19-02-2020 22:18:00" level=warning msg="Logging to file odf2json.log"
time="19-02-2020 22:18:01" level=info msg="starting main"
time="19-02-2020 22:18:57" level=warning msg="Logging to file odf2json.log"
time="19-02-2020 22:18:57" level=info msg="starting main"
time="19-02-2020 22:24:10" level=warning msg="Logging to file odf2json.log"
time="19-02-2020 22:24:10" level=info msg="starting main"
time="19-02-2020 22:32:49" level=warning msg="Logging to file odf2json.log"
time="19-02-2020 22:32:49" level=info msg="starting main"
time="19-02-2020 22:40:01" level=warning msg="Logging to file odf2json.log"
time="19-02-2020 22:40:01" level=info msg="starting main"
time="19-02-2020 22:47:03" level=warning msg="Logging to file odf2json.log"
time="19-02-2020 22:47:03" level=info msg="starting main"
time="19-02-2020 22:49:14" level=warning msg="Logging to file odf2json.log"
time="19-02-2020 22:49:14" level=info msg="starting main"
time="20-02-2020 15:39:30" level=warning msg="Logging to file odf2json.log"
time="20-02-2020 15:39:30" level=info msg="starting main"
time="20-02-2020 16:09:06" level=warning msg="Logging to file odf2json.log"
time="20-02-2020 16:09:07" level=info msg="starting main"
time="20-02-2020 16:09:07" level=fatal msg="could not open ."
time="20-02-2020 16:09:37" level=warning msg="Logging to file odf2json.log"
time="20-02-2020 16:09:37" level=info msg="starting main"
time="20-02-2020 16:10:34" level=warning msg="Logging to file odf2json.log"
time="20-02-2020 16:10:34" level=info msg="starting main"
time="20-02-2020 16:10:34" level=fatal msg="could not open ."
time="20-02-2020 16:12:14" level=warning msg="Logging to file odf2json.log"
time="20-02-2020 16:13:21" level=warning msg="Logging to file odf2json.log"
time="20-02-2020 16:14:18" level=warning msg="Logging to file odf2json.log"
time="20-02-2020 16:14:26" level=warning msg="Logging to file odf2json.log"
time="20-02-2020 16:14:26" level=info msg="starting main"
time="20-02-2020 16:14:26" level=fatal msg="could not open ."
time="20-02-2020 16:14:36" level=warning msg="Logging to file odf2json.log"
time="22-02-2020 19:07:20" level=info msg="Writing to STDERR"
time="22-02-2020 19:07:20" level=info msg="running program C:\\Users\\natha\\AppData\\Local\\Temp\\___2go_build_mythosseed_com_sample_odf2json.exe"
time="22-02-2020 19:07:27" level=info msg="Writing to STDERR"
time="22-02-2020 19:07:27" level=info msg="running program C:\\Users\\natha\\AppData\\Local\\Temp\\___2go_build_mythosseed_com_sample_odf2json.exe"
time="22-02-2020 19:08:35" level=info msg="Writing to STDERR"
time="22-02-2020 19:08:35" level=info msg="running program C:\\Users\\natha\\AppData\\Local\\Temp\\___2go_build_mythosseed_com_sample_odf2json.exe"
time="22-02-2020 19:12:55" level=info msg="Writing to STDERR"
time="22-02-2020 19:13:40" level=info msg="Writing to odf2json.log"
time="22-02-2020 19:13:40" level=info msg="running program C:\\Users\\natha\\AppData\\Local\\Temp\\___2go_build_mythosseed_com_sample_odf2json.exe"
time="22-02-2020 19:13:40" level=trace msg="starting main"
time="22-02-2020 19:13:40" level=trace msg="opening file g:\\data\\Craftable Construct Cheatsheet.xlsx"
time="22-02-2020 19:13:40" level=trace msg="Opening outfile g:\\data\\construct.json"
time="22-02-2020 19:13:40" level=trace msg="in StartJson opening file g:\\data\\construct.json"
